<?xml version="1.0" encoding="UTF-8"?><testsuite errors="0" failures="1" name="Academy Choucair" skipped="0" tests="1" time="59.22" timestamp="2020-12-03 10:40:05"><testcase name="Search for a automation course"><failure message="&#10;Expected: an element that is visible&#10;     but: no matching element found by xpath: p[text()='Usted no tiene permiso para ver esta lista de cursos.']" type="java.lang.AssertionError">
Expected: an element that is visible
     but: no matching element found by xpath: p[text()='Usted no tiene permiso para ver esta lista de cursos.']</failure><system-err>
Expected: an element that is visible
     but: no matching element found by xpath: p[text()='Usted no tiene permiso para ver esta lista de cursos.']&#13;
co.com.choucair.certification.proyectobase.tasks.Search.performAs(Search.java:26)&#13;
co.com.choucair.certification.proyectobase.stepdefinitions.ChoucairAcademyStepDefintions.heSearchForTheCourseRecursosAutomatizacionBancolombiaOnTheChoucairAcademyPlaform(ChoucairAcademyStepDefintions.java:27)&#13;
cucumber.runner.Runner.runPickle(Runner.java:80)&#13;
</system-err></testcase></testsuite>